[2024-03-09 11:41:16,484: INFO: commonUtils: Yaml file: config\config.yaml loaded successfully]
[2024-03-09 11:41:16,492: INFO: commonUtils: Yaml file: params.yaml loaded successfully]
[2024-03-09 11:42:12,843: INFO: commonUtils: Yaml file: config\config.yaml loaded successfully]
[2024-03-09 11:42:12,847: INFO: commonUtils: Yaml file: params.yaml loaded successfully]
[2024-03-09 11:42:12,848: INFO: commonUtils: Directory is created at path: artifacts]
[2024-03-09 11:42:12,851: INFO: commonUtils: Directory is created at path: artifacts/data_ingestion]
[2024-03-09 11:42:12,852: INFO: 2140128662: Directory is create at path https://drive.google.com/file/d/1wG9AZfjeIqet4_VlnNUNCqonqqufx9tg/view?usp=sharing into zipfile artifacts/data_ingestion/data.zip]
[2024-03-09 11:43:52,841: INFO: commonUtils: Yaml file: config\config.yaml loaded successfully]
[2024-03-09 11:43:52,841: INFO: commonUtils: Yaml file: params.yaml loaded successfully]
[2024-03-09 11:43:52,845: INFO: commonUtils: Directory is created at path: artifacts]
[2024-03-09 11:43:52,845: INFO: commonUtils: Directory is created at path: artifacts/data_ingestion]
[2024-03-09 11:43:52,848: INFO: 2140128662: Directory is create at path https://drive.google.com/file/d/1wG9AZfjeIqet4_VlnNUNCqonqqufx9tg/view?usp=sharing into zipfile artifacts/data_ingestion/data.zip]
[2024-03-09 11:50:04,897: INFO: commonUtils: Yaml file: config\config.yaml loaded successfully]
[2024-03-09 11:50:04,899: INFO: commonUtils: Yaml file: params.yaml loaded successfully]
[2024-03-09 11:50:04,900: INFO: commonUtils: Directory is created at path: artifacts]
[2024-03-09 11:50:04,902: INFO: commonUtils: Directory is created at path: artifacts/data_ingestion]
[2024-03-09 11:50:04,904: INFO: 2140128662: Directory is create at path https://drive.google.com/file/d/1wG9AZfjeIqet4_VlnNUNCqonqqufx9tg/view?usp=sharing into zipfile artifacts/data_ingestion/data.zip]
[2024-03-09 11:50:48,898: INFO: commonUtils: Yaml file: config\config.yaml loaded successfully]
[2024-03-09 11:50:48,899: INFO: commonUtils: Yaml file: params.yaml loaded successfully]
[2024-03-09 11:50:48,901: INFO: commonUtils: Directory is created at path: artifacts]
[2024-03-09 11:50:48,902: INFO: commonUtils: Directory is created at path: artifacts/data_ingestion]
[2024-03-09 11:50:48,904: INFO: 2140128662: Directory is create at path https://drive.google.com/file/d/1wG9AZfjeIqet4_VlnNUNCqonqqufx9tg/view?usp=sharing into zipfile artifacts/data_ingestion/data.zip]
[2024-03-09 11:58:23,713: INFO: commonUtils: Yaml file: config\config.yaml loaded successfully]
[2024-03-09 11:58:23,718: INFO: commonUtils: Yaml file: params.yaml loaded successfully]
[2024-03-09 11:58:23,722: INFO: commonUtils: Directory is created at path: artifacts]
[2024-03-09 11:58:23,726: INFO: commonUtils: Directory is created at path: artifacts/data_ingestion]
[2024-03-09 11:58:23,728: INFO: 986331348: Downloading data from https://drive.google.com/file/d/1wG9AZfjeIqet4_VlnNUNCqonqqufx9tg/view?usp=sharing into file artifacts/data_ingestion/data.zip]
[2024-03-09 11:58:52,722: INFO: 986331348: Downloaded data from https://drive.google.com/file/d/1wG9AZfjeIqet4_VlnNUNCqonqqufx9tg/view?usp=sharing into file artifacts/data_ingestion/data.zip]
[2024-03-09 12:00:09,686: INFO: commonUtils: Yaml file: config\config.yaml loaded successfully]
[2024-03-09 12:00:09,693: INFO: commonUtils: Yaml file: params.yaml loaded successfully]
[2024-03-09 12:00:09,693: INFO: commonUtils: Directory is created at path: artifacts]
[2024-03-09 12:00:09,693: INFO: commonUtils: Directory is created at path: artifacts/data_ingestion]
[2024-03-09 12:00:57,044: INFO: commonUtils: Yaml file: config\config.yaml loaded successfully]
[2024-03-09 12:00:57,044: INFO: commonUtils: Yaml file: params.yaml loaded successfully]
[2024-03-09 12:00:57,049: INFO: commonUtils: Directory is created at path: artifacts]
[2024-03-09 12:00:57,049: INFO: commonUtils: Directory is created at path: artifacts/data_ingestion]
[2024-03-09 12:00:57,051: INFO: 2960676020: Directory is create at path https://drive.google.com/file/d/1wG9AZfjeIqet4_VlnNUNCqonqqufx9tg/view?usp=sharing into zipfile artifacts/data_ingestion/data.zip]
[2024-03-09 12:01:18,930: INFO: 2960676020: Download data in zip folder]
[2024-03-09 12:28:25,949: INFO: main: ------ Data Ingestion Pipline Started ------]
[2024-03-09 12:28:25,949: INFO: commonUtils: Yaml file: config\config.yaml loaded successfully]
[2024-03-09 12:28:25,949: INFO: commonUtils: Yaml file: params.yaml loaded successfully]
[2024-03-09 12:28:25,949: INFO: commonUtils: Directory is created at path: artifacts]
[2024-03-09 12:28:25,949: INFO: commonUtils: Directory is created at path: artifacts/data_ingestion]
[2024-03-09 12:28:25,949: INFO: data_ingestion: Downloading data from https://drive.google.com/file/d/1wG9AZfjeIqet4_VlnNUNCqonqqufx9tg/view?usp=sharing into file artifacts/data_ingestion/data.zip]
[2024-03-09 12:28:51,936: INFO: data_ingestion: Downloaded data from https://drive.google.com/file/d/1wG9AZfjeIqet4_VlnNUNCqonqqufx9tg/view?usp=sharing into file artifacts/data_ingestion/data.zip]
[2024-03-09 12:29:24,527: INFO: main: ------ Data Ingestion Pipline Completed ------]
[2024-03-10 06:56:02,824: INFO: commonUtils: Yaml file: config\config.yaml loaded successfully]
[2024-03-10 06:56:02,887: INFO: commonUtils: Yaml file: params.yaml loaded successfully]
[2024-03-10 06:56:02,887: INFO: commonUtils: Directory is created at path: artifacts]
[2024-03-10 06:56:02,892: INFO: commonUtils: Directory is created at path: artifacts/prepare_base_model]
[2024-03-10 06:56:49,331: INFO: commonUtils: Yaml file: config\config.yaml loaded successfully]
[2024-03-10 06:56:49,336: INFO: commonUtils: Yaml file: params.yaml loaded successfully]
[2024-03-10 06:56:49,338: INFO: commonUtils: Directory is created at path: artifacts]
[2024-03-10 06:56:49,338: INFO: commonUtils: Directory is created at path: artifacts/prepare_base_model]
[2024-03-10 06:57:34,179: INFO: commonUtils: Yaml file: config\config.yaml loaded successfully]
[2024-03-10 06:57:34,183: INFO: commonUtils: Yaml file: params.yaml loaded successfully]
[2024-03-10 06:57:34,184: INFO: commonUtils: Directory is created at path: artifacts]
[2024-03-10 06:57:34,186: INFO: commonUtils: Directory is created at path: artifacts/prepare_base_model]
[2024-03-10 07:05:23,311: INFO: commonUtils: Yaml file: config\config.yaml loaded successfully]
[2024-03-10 07:05:23,315: INFO: commonUtils: Yaml file: params.yaml loaded successfully]
[2024-03-10 07:05:23,315: INFO: commonUtils: Directory is created at path: artifacts]
[2024-03-10 07:05:23,317: INFO: commonUtils: Directory is created at path: artifacts/prepare_base_model]
[2024-03-10 07:05:37,717: WARNING: saving_utils: Compiled the loaded model, but the compiled metrics have yet to be built. `model.compile_metrics` will be empty until you train or evaluate the model.]
[2024-03-10 07:06:08,922: INFO: commonUtils: Yaml file: config\config.yaml loaded successfully]
[2024-03-10 07:06:08,925: INFO: commonUtils: Yaml file: params.yaml loaded successfully]
[2024-03-10 07:06:08,927: INFO: commonUtils: Directory is created at path: artifacts]
[2024-03-10 07:06:08,928: INFO: commonUtils: Directory is created at path: artifacts/prepare_base_model]
[2024-03-10 07:06:09,283: WARNING: saving_utils: Compiled the loaded model, but the compiled metrics have yet to be built. `model.compile_metrics` will be empty until you train or evaluate the model.]
[2024-03-10 07:06:45,583: INFO: commonUtils: Yaml file: config\config.yaml loaded successfully]
[2024-03-10 07:06:45,587: INFO: commonUtils: Yaml file: params.yaml loaded successfully]
[2024-03-10 07:06:45,588: INFO: commonUtils: Directory is created at path: artifacts]
[2024-03-10 07:06:45,589: INFO: commonUtils: Directory is created at path: artifacts/prepare_base_model]
[2024-03-10 07:06:45,934: WARNING: saving_utils: Compiled the loaded model, but the compiled metrics have yet to be built. `model.compile_metrics` will be empty until you train or evaluate the model.]
[2024-03-10 07:07:47,724: INFO: commonUtils: Yaml file: config\config.yaml loaded successfully]
[2024-03-10 07:07:47,727: INFO: commonUtils: Yaml file: params.yaml loaded successfully]
[2024-03-10 07:07:47,728: INFO: commonUtils: Directory is created at path: artifacts]
[2024-03-10 07:07:47,729: INFO: commonUtils: Directory is created at path: artifacts/prepare_base_model]
[2024-03-10 07:07:48,095: WARNING: saving_utils: Compiled the loaded model, but the compiled metrics have yet to be built. `model.compile_metrics` will be empty until you train or evaluate the model.]
[2024-03-10 12:36:34,659: INFO: commonUtils: Yaml file: config\config.yaml loaded successfully]
[2024-03-10 12:36:34,662: INFO: commonUtils: Yaml file: params.yaml loaded successfully]
[2024-03-10 12:36:34,717: INFO: commonUtils: Directory is created at path: artifacts]
[2024-03-10 12:36:34,721: INFO: commonUtils: Directory is created at path: artifacts/prepare_base_model]
[2024-03-10 12:36:35,112: WARNING: saving_utils: Compiled the loaded model, but the compiled metrics have yet to be built. `model.compile_metrics` will be empty until you train or evaluate the model.]
[2024-03-10 12:36:35,286: WARNING: saving_utils: Compiled the loaded model, but the compiled metrics have yet to be built. `model.compile_metrics` will be empty until you train or evaluate the model.]
[2024-03-10 12:53:44,105: INFO: main: ------ Data Ingestion Pipline Started ------]
[2024-03-10 12:53:44,105: INFO: commonUtils: Yaml file: config\config.yaml loaded successfully]
[2024-03-10 12:53:44,105: INFO: commonUtils: Yaml file: params.yaml loaded successfully]
[2024-03-10 12:53:44,105: INFO: commonUtils: Directory is created at path: artifacts]
[2024-03-10 12:53:44,105: INFO: commonUtils: Directory is created at path: artifacts/data_ingestion]
[2024-03-10 12:53:44,105: INFO: data_ingestion: Downloading data from https://drive.google.com/file/d/1wG9AZfjeIqet4_VlnNUNCqonqqufx9tg/view?usp=sharing into file artifacts/data_ingestion/data.zip]
[2024-03-10 12:54:10,895: INFO: data_ingestion: Downloaded data from https://drive.google.com/file/d/1wG9AZfjeIqet4_VlnNUNCqonqqufx9tg/view?usp=sharing into file artifacts/data_ingestion/data.zip]
[2024-03-10 12:54:30,045: INFO: main: ------ Data Ingestion Pipline Completed ------]
[2024-03-10 13:12:10,110: INFO: main: ------ Data Ingestion Pipline Started ------]
[2024-03-10 13:12:10,110: INFO: commonUtils: Yaml file: config\config.yaml loaded successfully]
[2024-03-10 13:12:10,110: INFO: commonUtils: Yaml file: params.yaml loaded successfully]
[2024-03-10 13:12:10,110: INFO: commonUtils: Directory is created at path: artifacts]
[2024-03-10 13:12:10,110: INFO: commonUtils: Directory is created at path: artifacts/data_ingestion]
[2024-03-10 13:12:10,110: INFO: data_ingestion: Downloading data from https://drive.google.com/file/d/1wG9AZfjeIqet4_VlnNUNCqonqqufx9tg/view?usp=sharing into file artifacts/data_ingestion/data.zip]
[2024-03-10 13:12:33,863: INFO: data_ingestion: Downloaded data from https://drive.google.com/file/d/1wG9AZfjeIqet4_VlnNUNCqonqqufx9tg/view?usp=sharing into file artifacts/data_ingestion/data.zip]
[2024-03-10 13:12:56,836: INFO: main: ------ Data Ingestion Pipline Completed ------]
[2024-03-10 13:12:56,836: INFO: main: ------ Prepare Based model Pipline Started ------]
[2024-03-10 13:12:56,836: INFO: commonUtils: Yaml file: config\config.yaml loaded successfully]
[2024-03-10 13:12:56,836: INFO: commonUtils: Yaml file: params.yaml loaded successfully]
[2024-03-10 13:12:56,836: INFO: commonUtils: Directory is created at path: artifacts]
[2024-03-10 13:12:56,836: INFO: commonUtils: Directory is created at path: artifacts/prepare_base_model]
[2024-03-10 13:12:56,836: ERROR: main: 'ConfigurationManager' object has no attribute 'param']
Traceback (most recent call last):
  File "main.py", line 26, in <module>
    obj.main()
  File "e:\deeplearning_project\kidney-disease-classification\src\cnnClassifierKidney\pipeline\stage_02_prepare_base_model.py", line 13, in main
    prepare_base_model_config = config.get_prepare_base_model_config()
  File "e:\deeplearning_project\kidney-disease-classification\src\cnnClassifierKidney\config\configuration.py", line 44, in get_prepare_base_model_config
    params_image_size=self.param.IMAGE_SIZE,
AttributeError: 'ConfigurationManager' object has no attribute 'param'
[2024-03-10 13:15:53,708: INFO: main: ------ Data Ingestion Pipline Started ------]
[2024-03-10 13:15:53,708: INFO: commonUtils: Yaml file: config\config.yaml loaded successfully]
[2024-03-10 13:15:53,708: INFO: commonUtils: Yaml file: params.yaml loaded successfully]
[2024-03-10 13:15:53,708: INFO: commonUtils: Directory is created at path: artifacts]
[2024-03-10 13:15:53,708: INFO: commonUtils: Directory is created at path: artifacts/data_ingestion]
[2024-03-10 13:15:53,708: INFO: data_ingestion: Downloading data from https://drive.google.com/file/d/1wG9AZfjeIqet4_VlnNUNCqonqqufx9tg/view?usp=sharing into file artifacts/data_ingestion/data.zip]
[2024-03-10 13:16:17,860: INFO: data_ingestion: Downloaded data from https://drive.google.com/file/d/1wG9AZfjeIqet4_VlnNUNCqonqqufx9tg/view?usp=sharing into file artifacts/data_ingestion/data.zip]
[2024-03-10 13:16:40,827: INFO: main: ------ Data Ingestion Pipline Completed ------]
[2024-03-10 13:16:40,827: INFO: main: ------ Prepare Based model Pipline Started ------]
[2024-03-10 13:16:40,827: INFO: commonUtils: Yaml file: config\config.yaml loaded successfully]
[2024-03-10 13:16:40,843: INFO: commonUtils: Yaml file: params.yaml loaded successfully]
[2024-03-10 13:16:40,843: INFO: commonUtils: Directory is created at path: artifacts]
[2024-03-10 13:16:40,843: INFO: commonUtils: Directory is created at path: artifacts/prepare_base_model]
[2024-03-10 13:16:41,741: WARNING: saving_utils: Compiled the loaded model, but the compiled metrics have yet to be built. `model.compile_metrics` will be empty until you train or evaluate the model.]
[2024-03-10 13:16:41,866: WARNING: saving_utils: Compiled the loaded model, but the compiled metrics have yet to be built. `model.compile_metrics` will be empty until you train or evaluate the model.]
[2024-03-10 13:16:41,944: INFO: main: ------ Prepare Based model Pipline Completed ------]
[2024-03-10 15:01:33,105: INFO: commonUtils: Yaml file: config\config.yaml loaded successfully]
[2024-03-10 15:01:33,108: INFO: commonUtils: Yaml file: params.yaml loaded successfully]
[2024-03-10 15:01:33,109: INFO: commonUtils: Directory is created at path: artifacts]
[2024-03-10 15:01:33,110: INFO: commonUtils: Directory is created at path: artifacts\training]
[2024-03-10 15:03:16,944: INFO: commonUtils: Yaml file: config\config.yaml loaded successfully]
[2024-03-10 15:03:16,949: INFO: commonUtils: Yaml file: params.yaml loaded successfully]
[2024-03-10 15:03:16,951: INFO: commonUtils: Directory is created at path: artifacts]
[2024-03-10 15:03:16,951: INFO: commonUtils: Directory is created at path: artifacts\training]
[2024-03-10 15:05:03,558: INFO: main: ------ Data Ingestion Pipline Started ------]
[2024-03-10 15:05:03,558: INFO: commonUtils: Yaml file: config\config.yaml loaded successfully]
[2024-03-10 15:05:03,558: INFO: commonUtils: Yaml file: params.yaml loaded successfully]
[2024-03-10 15:05:03,558: INFO: commonUtils: Directory is created at path: artifacts]
[2024-03-10 15:05:03,558: INFO: commonUtils: Directory is created at path: artifacts/data_ingestion]
[2024-03-10 15:05:03,558: INFO: data_ingestion: Downloading data from https://drive.google.com/file/d/1wG9AZfjeIqet4_VlnNUNCqonqqufx9tg/view?usp=sharing into file artifacts/data_ingestion/data.zip]
[2024-03-10 15:05:29,352: INFO: data_ingestion: Downloaded data from https://drive.google.com/file/d/1wG9AZfjeIqet4_VlnNUNCqonqqufx9tg/view?usp=sharing into file artifacts/data_ingestion/data.zip]
[2024-03-10 15:05:52,120: INFO: main: ------ Data Ingestion Pipline Completed ------]
[2024-03-10 15:05:52,120: INFO: main: ------ Prepare Based model Pipline Started ------]
[2024-03-10 15:05:52,120: INFO: commonUtils: Yaml file: config\config.yaml loaded successfully]
[2024-03-10 15:05:52,120: INFO: commonUtils: Yaml file: params.yaml loaded successfully]
[2024-03-10 15:05:52,120: INFO: commonUtils: Directory is created at path: artifacts]
[2024-03-10 15:05:52,120: INFO: commonUtils: Directory is created at path: artifacts/prepare_base_model]
[2024-03-10 15:05:52,777: WARNING: saving_utils: Compiled the loaded model, but the compiled metrics have yet to be built. `model.compile_metrics` will be empty until you train or evaluate the model.]
[2024-03-10 15:05:52,908: WARNING: saving_utils: Compiled the loaded model, but the compiled metrics have yet to be built. `model.compile_metrics` will be empty until you train or evaluate the model.]
[2024-03-10 15:05:52,986: INFO: main: ------ Prepare Based model Pipline Completed ------]
[2024-03-10 15:06:18,297: INFO: commonUtils: Yaml file: config\config.yaml loaded successfully]
[2024-03-10 15:06:18,300: INFO: commonUtils: Yaml file: params.yaml loaded successfully]
[2024-03-10 15:06:18,302: INFO: commonUtils: Directory is created at path: artifacts]
[2024-03-10 15:06:18,303: INFO: commonUtils: Directory is created at path: artifacts\training]
[2024-03-10 15:06:18,824: WARNING: hdf5_format: No training configuration found in the save file, so the model was *not* compiled. Compile it manually.]
[2024-03-10 15:08:05,142: INFO: commonUtils: Yaml file: config\config.yaml loaded successfully]
[2024-03-10 15:08:05,146: INFO: commonUtils: Yaml file: params.yaml loaded successfully]
[2024-03-10 15:08:05,146: INFO: commonUtils: Directory is created at path: artifacts]
[2024-03-10 15:08:05,151: INFO: commonUtils: Directory is created at path: artifacts\training]
[2024-03-10 15:08:05,653: WARNING: hdf5_format: No training configuration found in the save file, so the model was *not* compiled. Compile it manually.]
[2024-03-10 15:30:06,626: INFO: commonUtils: Yaml file: config\config.yaml loaded successfully]
[2024-03-10 15:30:06,629: INFO: commonUtils: Yaml file: params.yaml loaded successfully]
[2024-03-10 15:30:06,630: INFO: commonUtils: Directory is created at path: artifacts]
[2024-03-10 15:30:06,632: INFO: commonUtils: Directory is created at path: artifacts\training]
[2024-03-10 15:30:06,952: WARNING: hdf5_format: No training configuration found in the save file, so the model was *not* compiled. Compile it manually.]
[2024-03-10 15:34:30,558: INFO: commonUtils: Yaml file: config\config.yaml loaded successfully]
[2024-03-10 15:34:30,558: INFO: commonUtils: Yaml file: params.yaml loaded successfully]
[2024-03-10 15:34:30,565: INFO: commonUtils: Directory is created at path: artifacts]
[2024-03-10 15:34:30,565: INFO: commonUtils: Directory is created at path: artifacts\training]
[2024-03-10 15:34:30,963: WARNING: hdf5_format: No training configuration found in the save file, so the model was *not* compiled. Compile it manually.]
[2024-03-10 15:42:19,715: INFO: commonUtils: Yaml file: config\config.yaml loaded successfully]
[2024-03-10 15:42:19,719: INFO: commonUtils: Yaml file: params.yaml loaded successfully]
[2024-03-10 15:42:19,720: INFO: commonUtils: Directory is created at path: artifacts]
[2024-03-10 15:42:19,721: INFO: commonUtils: Directory is created at path: artifacts\training]
[2024-03-10 15:42:20,074: WARNING: hdf5_format: No training configuration found in the save file, so the model was *not* compiled. Compile it manually.]
[2024-03-10 15:43:06,311: INFO: commonUtils: Yaml file: config\config.yaml loaded successfully]
[2024-03-10 15:43:06,315: INFO: commonUtils: Yaml file: params.yaml loaded successfully]
[2024-03-10 15:43:06,317: INFO: commonUtils: Directory is created at path: artifacts]
[2024-03-10 15:43:06,317: INFO: commonUtils: Directory is created at path: artifacts\training]
[2024-03-10 15:43:06,627: WARNING: hdf5_format: No training configuration found in the save file, so the model was *not* compiled. Compile it manually.]
[2024-03-10 15:44:16,239: INFO: commonUtils: Yaml file: config\config.yaml loaded successfully]
[2024-03-10 15:44:16,249: INFO: commonUtils: Yaml file: params.yaml loaded successfully]
[2024-03-10 15:44:16,250: INFO: commonUtils: Directory is created at path: artifacts]
[2024-03-10 15:44:16,252: INFO: commonUtils: Directory is created at path: artifacts\training]
[2024-03-10 15:44:16,558: WARNING: hdf5_format: No training configuration found in the save file, so the model was *not* compiled. Compile it manually.]
[2024-03-10 15:47:20,733: INFO: commonUtils: Yaml file: config\config.yaml loaded successfully]
[2024-03-10 15:47:20,733: INFO: commonUtils: Yaml file: params.yaml loaded successfully]
[2024-03-10 15:47:20,733: INFO: commonUtils: Directory is created at path: artifacts]
[2024-03-10 15:47:20,733: INFO: commonUtils: Directory is created at path: artifacts\training]
[2024-03-10 15:47:21,055: WARNING: hdf5_format: No training configuration found in the save file, so the model was *not* compiled. Compile it manually.]
[2024-03-10 20:02:05,827: INFO: main: ------ Data Ingestion Pipline Started ------]
[2024-03-10 20:02:05,827: INFO: commonUtils: Yaml file: config\config.yaml loaded successfully]
[2024-03-10 20:02:05,827: INFO: commonUtils: Yaml file: params.yaml loaded successfully]
[2024-03-10 20:02:05,827: INFO: commonUtils: Directory is created at path: artifacts]
[2024-03-10 20:02:05,827: INFO: commonUtils: Directory is created at path: artifacts/data_ingestion]
[2024-03-10 20:02:05,827: INFO: data_ingestion: Downloading data from https://drive.google.com/file/d/1wG9AZfjeIqet4_VlnNUNCqonqqufx9tg/view?usp=sharing into file artifacts/data_ingestion/data.zip]
[2024-03-10 20:02:33,768: INFO: data_ingestion: Downloaded data from https://drive.google.com/file/d/1wG9AZfjeIqet4_VlnNUNCqonqqufx9tg/view?usp=sharing into file artifacts/data_ingestion/data.zip]
[2024-03-10 20:03:01,578: INFO: main: ------ Data Ingestion Pipline Completed ------]
[2024-03-10 20:03:01,578: INFO: main: ------ Prepare Based model Pipline Started ------]
[2024-03-10 20:03:01,578: INFO: commonUtils: Yaml file: config\config.yaml loaded successfully]
[2024-03-10 20:03:01,578: INFO: commonUtils: Yaml file: params.yaml loaded successfully]
[2024-03-10 20:03:01,592: INFO: commonUtils: Directory is created at path: artifacts]
[2024-03-10 20:03:01,592: INFO: commonUtils: Directory is created at path: artifacts/prepare_base_model]
[2024-03-10 20:03:02,747: WARNING: saving_utils: Compiled the loaded model, but the compiled metrics have yet to be built. `model.compile_metrics` will be empty until you train or evaluate the model.]
[2024-03-10 20:03:02,929: WARNING: saving_utils: Compiled the loaded model, but the compiled metrics have yet to be built. `model.compile_metrics` will be empty until you train or evaluate the model.]
[2024-03-10 20:03:03,061: INFO: main: ------ Prepare Based model Pipline Completed ------]
[2024-03-10 20:03:03,061: INFO: main: ------ Model Training Started ------]
[2024-03-10 20:03:03,066: INFO: commonUtils: Yaml file: config\config.yaml loaded successfully]
[2024-03-10 20:03:03,066: INFO: commonUtils: Yaml file: params.yaml loaded successfully]
[2024-03-10 20:03:03,066: INFO: commonUtils: Directory is created at path: artifacts]
[2024-03-10 20:03:03,072: INFO: commonUtils: Directory is created at path: artifacts\training]
[2024-03-10 20:03:03,827: WARNING: hdf5_format: No training configuration found in the save file, so the model was *not* compiled. Compile it manually.]
[2024-03-10 20:03:05,084: ERROR: main: You must compile your model before training/testing. Use `model.compile(optimizer, loss)`.]
Traceback (most recent call last):
  File "main.py", line 42, in <module>
    obj.main()
  File "e:\deeplearning_project\kidney-disease-classification\src\cnnClassifierKidney\pipeline\stage_03_model_training.py", line 18, in main
    training.train()
  File "e:\deeplearning_project\kidney-disease-classification\src\cnnClassifierKidney\components\model_training.py", line 76, in train
    self.model.fit(
  File "C:\Users\bavad\anaconda3\New anaconda\envs\kidneyenv\lib\site-packages\keras\utils\traceback_utils.py", line 70, in error_handler
    raise e.with_traceback(filtered_tb) from None
  File "C:\Users\bavad\anaconda3\New anaconda\envs\kidneyenv\lib\site-packages\keras\engine\training.py", line 3685, in _assert_compile_was_called
    raise RuntimeError(
RuntimeError: You must compile your model before training/testing. Use `model.compile(optimizer, loss)`.
[2024-03-10 20:06:15,387: INFO: main: ------ Data Ingestion Pipline Started ------]
[2024-03-10 20:06:15,387: INFO: commonUtils: Yaml file: config\config.yaml loaded successfully]
[2024-03-10 20:06:15,393: INFO: commonUtils: Yaml file: params.yaml loaded successfully]
[2024-03-10 20:06:15,393: INFO: commonUtils: Directory is created at path: artifacts]
[2024-03-10 20:06:15,393: INFO: commonUtils: Directory is created at path: artifacts/data_ingestion]
[2024-03-10 20:06:15,393: INFO: data_ingestion: Downloading data from https://drive.google.com/file/d/1wG9AZfjeIqet4_VlnNUNCqonqqufx9tg/view?usp=sharing into file artifacts/data_ingestion/data.zip]
[2024-03-10 20:06:44,407: INFO: data_ingestion: Downloaded data from https://drive.google.com/file/d/1wG9AZfjeIqet4_VlnNUNCqonqqufx9tg/view?usp=sharing into file artifacts/data_ingestion/data.zip]
[2024-03-10 20:07:07,654: INFO: main: ------ Data Ingestion Pipline Completed ------]
[2024-03-10 20:07:07,654: INFO: main: ------ Prepare Based model Pipline Started ------]
[2024-03-10 20:07:07,664: INFO: commonUtils: Yaml file: config\config.yaml loaded successfully]
[2024-03-10 20:07:07,664: INFO: commonUtils: Yaml file: params.yaml loaded successfully]
[2024-03-10 20:07:07,664: INFO: commonUtils: Directory is created at path: artifacts]
[2024-03-10 20:07:07,664: INFO: commonUtils: Directory is created at path: artifacts/prepare_base_model]
[2024-03-10 20:07:08,084: WARNING: saving_utils: Compiled the loaded model, but the compiled metrics have yet to be built. `model.compile_metrics` will be empty until you train or evaluate the model.]
[2024-03-10 20:07:08,204: WARNING: saving_utils: Compiled the loaded model, but the compiled metrics have yet to be built. `model.compile_metrics` will be empty until you train or evaluate the model.]
[2024-03-10 20:07:08,264: INFO: main: ------ Prepare Based model Pipline Completed ------]
[2024-03-10 20:07:08,264: INFO: main: ------ Model Training Started ------]
[2024-03-10 20:07:08,264: INFO: commonUtils: Yaml file: config\config.yaml loaded successfully]
[2024-03-10 20:07:08,264: INFO: commonUtils: Yaml file: params.yaml loaded successfully]
[2024-03-10 20:07:08,264: INFO: commonUtils: Directory is created at path: artifacts]
[2024-03-10 20:07:08,264: INFO: commonUtils: Directory is created at path: artifacts\training]
[2024-03-10 20:07:08,628: WARNING: hdf5_format: No training configuration found in the save file, so the model was *not* compiled. Compile it manually.]
[2024-03-10 20:07:09,255: ERROR: main: You must compile your model before training/testing. Use `model.compile(optimizer, loss)`.]
Traceback (most recent call last):
  File "main.py", line 42, in <module>
    obj.main()
  File "e:\deeplearning_project\kidney-disease-classification\src\cnnClassifierKidney\pipeline\stage_03_model_training.py", line 18, in main
    training.train()
  File "e:\deeplearning_project\kidney-disease-classification\src\cnnClassifierKidney\components\model_training.py", line 76, in train
    self.model.fit(
  File "C:\Users\bavad\anaconda3\New anaconda\envs\kidneyenv\lib\site-packages\keras\utils\traceback_utils.py", line 70, in error_handler
    raise e.with_traceback(filtered_tb) from None
  File "C:\Users\bavad\anaconda3\New anaconda\envs\kidneyenv\lib\site-packages\keras\engine\training.py", line 3685, in _assert_compile_was_called
    raise RuntimeError(
RuntimeError: You must compile your model before training/testing. Use `model.compile(optimizer, loss)`.
[2024-03-10 20:12:53,041: INFO: commonUtils: Yaml file: config\config.yaml loaded successfully]
[2024-03-10 20:12:53,045: INFO: commonUtils: Yaml file: params.yaml loaded successfully]
[2024-03-10 20:12:53,047: INFO: commonUtils: Directory is created at path: artifacts]
[2024-03-10 20:12:53,047: INFO: commonUtils: Directory is created at path: artifacts\training]
[2024-03-10 20:12:53,491: WARNING: hdf5_format: No training configuration found in the save file, so the model was *not* compiled. Compile it manually.]
[2024-03-10 20:14:05,152: INFO: commonUtils: Yaml file: config\config.yaml loaded successfully]
[2024-03-10 20:14:05,155: INFO: commonUtils: Yaml file: params.yaml loaded successfully]
[2024-03-10 20:14:05,157: INFO: commonUtils: Directory is created at path: artifacts]
[2024-03-10 20:14:05,158: INFO: commonUtils: Directory is created at path: artifacts\training]
[2024-03-10 20:14:05,555: WARNING: hdf5_format: No training configuration found in the save file, so the model was *not* compiled. Compile it manually.]
[2024-03-10 20:16:31,917: INFO: commonUtils: Yaml file: config\config.yaml loaded successfully]
[2024-03-10 20:16:31,919: INFO: commonUtils: Yaml file: params.yaml loaded successfully]
[2024-03-10 20:16:31,921: INFO: commonUtils: Directory is created at path: artifacts]
[2024-03-10 20:16:31,923: INFO: commonUtils: Directory is created at path: artifacts\training]
[2024-03-10 20:16:32,253: WARNING: hdf5_format: No training configuration found in the save file, so the model was *not* compiled. Compile it manually.]
[2024-03-10 20:17:08,067: INFO: commonUtils: Yaml file: config\config.yaml loaded successfully]
[2024-03-10 20:17:08,070: INFO: commonUtils: Yaml file: params.yaml loaded successfully]
[2024-03-10 20:17:08,071: INFO: commonUtils: Directory is created at path: artifacts]
[2024-03-10 20:17:08,073: INFO: commonUtils: Directory is created at path: artifacts\training]
[2024-03-10 20:17:08,430: WARNING: hdf5_format: No training configuration found in the save file, so the model was *not* compiled. Compile it manually.]
[2024-03-10 20:30:48,614: INFO: commonUtils: Yaml file: config\config.yaml loaded successfully]
[2024-03-10 20:30:48,618: INFO: commonUtils: Yaml file: params.yaml loaded successfully]
[2024-03-10 20:30:48,621: INFO: commonUtils: Directory is created at path: artifacts]
[2024-03-10 20:30:48,622: INFO: commonUtils: Directory is created at path: artifacts/prepare_base_model]
[2024-03-10 20:30:49,197: WARNING: saving_utils: Compiled the loaded model, but the compiled metrics have yet to be built. `model.compile_metrics` will be empty until you train or evaluate the model.]
[2024-03-10 20:34:23,458: INFO: commonUtils: Yaml file: config\config.yaml loaded successfully]
[2024-03-10 20:34:23,470: INFO: commonUtils: Yaml file: params.yaml loaded successfully]
[2024-03-10 20:34:23,480: INFO: commonUtils: Directory is created at path: artifacts]
[2024-03-10 20:34:23,483: INFO: commonUtils: Directory is created at path: artifacts\training]
[2024-03-10 20:34:57,787: INFO: commonUtils: Yaml file: config\config.yaml loaded successfully]
[2024-03-10 20:34:57,788: INFO: commonUtils: Yaml file: params.yaml loaded successfully]
[2024-03-10 20:34:57,788: INFO: commonUtils: Directory is created at path: artifacts]
[2024-03-10 20:34:57,794: INFO: commonUtils: Directory is created at path: artifacts\training]
[2024-03-10 20:48:29,561: INFO: main: ------ Data Ingestion Pipline Started ------]
[2024-03-10 20:48:29,561: INFO: commonUtils: Yaml file: config\config.yaml loaded successfully]
[2024-03-10 20:48:29,561: INFO: commonUtils: Yaml file: params.yaml loaded successfully]
[2024-03-10 20:48:29,561: INFO: commonUtils: Directory is created at path: artifacts]
[2024-03-10 20:48:29,561: INFO: commonUtils: Directory is created at path: artifacts/data_ingestion]
[2024-03-10 20:48:29,561: INFO: data_ingestion: Downloading data from https://drive.google.com/file/d/1wG9AZfjeIqet4_VlnNUNCqonqqufx9tg/view?usp=sharing into file artifacts/data_ingestion/data.zip]
[2024-03-10 20:48:57,870: INFO: data_ingestion: Downloaded data from https://drive.google.com/file/d/1wG9AZfjeIqet4_VlnNUNCqonqqufx9tg/view?usp=sharing into file artifacts/data_ingestion/data.zip]
[2024-03-10 20:49:11,218: INFO: main: ------ Data Ingestion Pipline Completed ------]
[2024-03-10 20:49:11,218: INFO: main: ------ Prepare Based model Pipline Started ------]
[2024-03-10 20:49:11,234: INFO: commonUtils: Yaml file: config\config.yaml loaded successfully]
[2024-03-10 20:49:11,234: INFO: commonUtils: Yaml file: params.yaml loaded successfully]
[2024-03-10 20:49:11,234: INFO: commonUtils: Directory is created at path: artifacts]
[2024-03-10 20:49:11,234: INFO: commonUtils: Directory is created at path: artifacts/prepare_base_model]
[2024-03-10 20:49:11,234: ERROR: main: 'PrepareBaseModel' object has no attribute 'get_basemodel']
Traceback (most recent call last):
  File "main.py", line 27, in <module>
    obj.main()
  File "e:\deeplearning_project\kidney-disease-classification\src\cnnClassifierKidney\pipeline\stage_02_prepare_base_model.py", line 15, in main
    prepare_base_model.get_basemodel()
AttributeError: 'PrepareBaseModel' object has no attribute 'get_basemodel'
[2024-03-10 20:50:32,075: INFO: main: ------ Data Ingestion Pipline Started ------]
[2024-03-10 20:50:32,075: INFO: commonUtils: Yaml file: config\config.yaml loaded successfully]
[2024-03-10 20:50:32,075: INFO: commonUtils: Yaml file: params.yaml loaded successfully]
[2024-03-10 20:50:32,075: INFO: commonUtils: Directory is created at path: artifacts]
[2024-03-10 20:50:32,075: INFO: commonUtils: Directory is created at path: artifacts/data_ingestion]
[2024-03-10 20:50:32,075: INFO: data_ingestion: Downloading data from https://drive.google.com/file/d/1wG9AZfjeIqet4_VlnNUNCqonqqufx9tg/view?usp=sharing into file artifacts/data_ingestion/data.zip]
[2024-03-10 20:50:59,328: INFO: data_ingestion: Downloaded data from https://drive.google.com/file/d/1wG9AZfjeIqet4_VlnNUNCqonqqufx9tg/view?usp=sharing into file artifacts/data_ingestion/data.zip]
[2024-03-10 20:51:12,401: INFO: main: ------ Data Ingestion Pipline Completed ------]
[2024-03-10 20:51:12,401: INFO: main: ------ Prepare Based model Pipline Started ------]
[2024-03-10 20:51:12,401: INFO: commonUtils: Yaml file: config\config.yaml loaded successfully]
[2024-03-10 20:51:12,401: INFO: commonUtils: Yaml file: params.yaml loaded successfully]
[2024-03-10 20:51:12,401: INFO: commonUtils: Directory is created at path: artifacts]
[2024-03-10 20:51:12,401: INFO: commonUtils: Directory is created at path: artifacts/prepare_base_model]
[2024-03-10 20:51:12,794: WARNING: saving_utils: Compiled the loaded model, but the compiled metrics have yet to be built. `model.compile_metrics` will be empty until you train or evaluate the model.]
[2024-03-10 20:51:12,873: WARNING: saving_utils: Compiled the loaded model, but the compiled metrics have yet to be built. `model.compile_metrics` will be empty until you train or evaluate the model.]
[2024-03-10 20:51:12,920: INFO: main: ------ Prepare Based model Pipline Completed ------]
[2024-03-10 20:51:12,920: INFO: main: ------ Model Training Started ------]
[2024-03-10 20:51:12,920: INFO: commonUtils: Yaml file: config\config.yaml loaded successfully]
[2024-03-10 20:51:12,920: INFO: commonUtils: Yaml file: params.yaml loaded successfully]
[2024-03-10 20:51:12,936: INFO: commonUtils: Directory is created at path: artifacts]
[2024-03-10 20:51:12,936: INFO: commonUtils: Directory is created at path: artifacts\training]
[2024-03-10 20:51:13,149: WARNING: hdf5_format: No training configuration found in the save file, so the model was *not* compiled. Compile it manually.]
[2024-03-10 20:51:13,534: ERROR: main: You must compile your model before training/testing. Use `model.compile(optimizer, loss)`.]
Traceback (most recent call last):
  File "main.py", line 42, in <module>
    obj.main()
  File "e:\deeplearning_project\kidney-disease-classification\src\cnnClassifierKidney\pipeline\stage_03_model_training.py", line 18, in main
    training.train()
  File "e:\deeplearning_project\kidney-disease-classification\src\cnnClassifierKidney\components\model_training.py", line 76, in train
    self.model.fit(
  File "C:\Users\bavad\anaconda3\New anaconda\envs\kidneyenv\lib\site-packages\keras\utils\traceback_utils.py", line 70, in error_handler
    raise e.with_traceback(filtered_tb) from None
  File "C:\Users\bavad\anaconda3\New anaconda\envs\kidneyenv\lib\site-packages\keras\engine\training.py", line 3685, in _assert_compile_was_called
    raise RuntimeError(
RuntimeError: You must compile your model before training/testing. Use `model.compile(optimizer, loss)`.
[2024-03-10 21:03:11,082: INFO: main: ------ Data Ingestion Pipline Started ------]
[2024-03-10 21:03:11,082: INFO: commonUtils: Yaml file: config\config.yaml loaded successfully]
[2024-03-10 21:03:11,082: INFO: commonUtils: Yaml file: params.yaml loaded successfully]
[2024-03-10 21:03:11,082: INFO: commonUtils: Directory is created at path: artifacts]
[2024-03-10 21:03:11,082: INFO: commonUtils: Directory is created at path: artifacts/data_ingestion]
[2024-03-10 21:03:11,082: INFO: data_ingestion: Downloading data from https://drive.google.com/file/d/1wG9AZfjeIqet4_VlnNUNCqonqqufx9tg/view?usp=sharing into file artifacts/data_ingestion/data.zip]
[2024-03-10 21:03:31,223: INFO: data_ingestion: Downloaded data from https://drive.google.com/file/d/1wG9AZfjeIqet4_VlnNUNCqonqqufx9tg/view?usp=sharing into file artifacts/data_ingestion/data.zip]
[2024-03-10 21:03:45,205: INFO: main: ------ Data Ingestion Pipline Completed ------]
[2024-03-10 21:03:45,205: INFO: main: ------ Prepare Based model Pipline Started ------]
[2024-03-10 21:03:45,205: INFO: commonUtils: Yaml file: config\config.yaml loaded successfully]
[2024-03-10 21:03:45,205: INFO: commonUtils: Yaml file: params.yaml loaded successfully]
[2024-03-10 21:03:45,205: INFO: commonUtils: Directory is created at path: artifacts]
[2024-03-10 21:03:45,205: INFO: commonUtils: Directory is created at path: artifacts/prepare_base_model]
[2024-03-10 21:03:45,503: WARNING: saving_utils: Compiled the loaded model, but the compiled metrics have yet to be built. `model.compile_metrics` will be empty until you train or evaluate the model.]
[2024-03-10 21:03:45,628: INFO: main: ------ Prepare Based model Pipline Completed ------]
[2024-03-10 21:03:45,628: INFO: main: ------ Model Training Started ------]
[2024-03-10 21:03:45,628: INFO: commonUtils: Yaml file: config\config.yaml loaded successfully]
[2024-03-10 21:03:45,628: INFO: commonUtils: Yaml file: params.yaml loaded successfully]
[2024-03-10 21:03:45,628: INFO: commonUtils: Directory is created at path: artifacts]
[2024-03-10 21:03:45,628: INFO: commonUtils: Directory is created at path: artifacts\training]
[2024-03-10 21:13:12,403: INFO: main: ------ Model Training Completed ------]
[2024-03-12 12:31:35,902: INFO: main: ------ Data Ingestion Pipline Started ------]
[2024-03-12 12:31:35,902: INFO: commonUtils: Yaml file: config\config.yaml loaded successfully]
[2024-03-12 12:31:35,917: INFO: commonUtils: Yaml file: params.yaml loaded successfully]
[2024-03-12 12:31:35,917: INFO: commonUtils: Directory is created at path: artifacts]
[2024-03-12 12:31:35,917: INFO: commonUtils: Directory is created at path: artifacts/data_ingestion]
[2024-03-12 12:31:35,917: INFO: data_ingestion: Downloading data from https://drive.google.com/file/d/1wG9AZfjeIqet4_VlnNUNCqonqqufx9tg/view?usp=sharing into file artifacts/data_ingestion/data.zip]
[2024-03-12 12:33:00,528: INFO: data_ingestion: Downloaded data from https://drive.google.com/file/d/1wG9AZfjeIqet4_VlnNUNCqonqqufx9tg/view?usp=sharing into file artifacts/data_ingestion/data.zip]
[2024-03-12 12:33:23,474: INFO: main: ------ Data Ingestion Pipline Completed ------]
[2024-03-12 12:33:23,474: INFO: main: ------ Prepare Based model Pipline Started ------]
[2024-03-12 12:33:23,489: INFO: commonUtils: Yaml file: config\config.yaml loaded successfully]
[2024-03-12 12:33:23,489: INFO: commonUtils: Yaml file: params.yaml loaded successfully]
[2024-03-12 12:33:23,489: INFO: commonUtils: Directory is created at path: artifacts]
[2024-03-12 12:33:23,489: INFO: commonUtils: Directory is created at path: artifacts/prepare_base_model]
[2024-03-12 12:33:24,289: WARNING: saving_utils: Compiled the loaded model, but the compiled metrics have yet to be built. `model.compile_metrics` will be empty until you train or evaluate the model.]
[2024-03-12 12:33:24,492: INFO: main: ------ Prepare Based model Pipline Completed ------]
[2024-03-12 12:33:24,492: INFO: main: ------ Model Training Started ------]
[2024-03-12 12:33:24,508: INFO: commonUtils: Yaml file: config\config.yaml loaded successfully]
[2024-03-12 12:33:24,508: INFO: commonUtils: Yaml file: params.yaml loaded successfully]
[2024-03-12 12:33:24,508: INFO: commonUtils: Directory is created at path: artifacts]
[2024-03-12 12:33:24,508: INFO: commonUtils: Directory is created at path: artifacts\training]
[2024-03-12 12:47:29,537: INFO: main: ------ Model Training Completed ------]
[2024-03-12 12:52:19,606: INFO: main: ------ Data Ingestion Pipline Started ------]
[2024-03-12 12:52:19,606: INFO: commonUtils: Yaml file: config\config.yaml loaded successfully]
[2024-03-12 12:52:19,606: INFO: commonUtils: Yaml file: params.yaml loaded successfully]
[2024-03-12 12:52:19,622: INFO: commonUtils: Directory is created at path: artifacts]
[2024-03-12 12:52:19,622: INFO: commonUtils: Directory is created at path: artifacts/data_ingestion]
[2024-03-12 12:52:19,622: INFO: data_ingestion: Downloading data from https://drive.google.com/file/d/1wG9AZfjeIqet4_VlnNUNCqonqqufx9tg/view?usp=sharing into file artifacts/data_ingestion/data.zip]
[2024-03-12 12:52:55,049: INFO: data_ingestion: Downloaded data from https://drive.google.com/file/d/1wG9AZfjeIqet4_VlnNUNCqonqqufx9tg/view?usp=sharing into file artifacts/data_ingestion/data.zip]
[2024-03-12 12:54:26,310: INFO: main: ------ Data Ingestion Pipline Completed ------]
[2024-03-12 12:54:26,310: INFO: main: ------ Prepare Based model Pipline Started ------]
[2024-03-12 12:54:26,319: INFO: commonUtils: Yaml file: config\config.yaml loaded successfully]
[2024-03-12 12:54:26,325: INFO: commonUtils: Yaml file: params.yaml loaded successfully]
[2024-03-12 12:54:26,327: INFO: commonUtils: Directory is created at path: artifacts]
[2024-03-12 12:54:26,327: INFO: commonUtils: Directory is created at path: artifacts/prepare_base_model]
[2024-03-12 12:54:27,748: WARNING: saving_utils: Compiled the loaded model, but the compiled metrics have yet to be built. `model.compile_metrics` will be empty until you train or evaluate the model.]
[2024-03-12 12:54:28,325: INFO: main: ------ Prepare Based model Pipline Completed ------]
[2024-03-12 12:54:28,325: INFO: main: ------ Model Training Started ------]
[2024-03-12 12:54:28,331: INFO: commonUtils: Yaml file: config\config.yaml loaded successfully]
[2024-03-12 12:54:28,331: INFO: commonUtils: Yaml file: params.yaml loaded successfully]
[2024-03-12 12:54:28,331: INFO: commonUtils: Directory is created at path: artifacts]
[2024-03-12 12:54:28,337: INFO: commonUtils: Directory is created at path: artifacts\training]
[2024-03-12 13:09:29,723: INFO: main: ------ Model Training Completed ------]
